// OS Globals
800000e4:currentThread

// Automatically generated from spm.eu0.lst 
80004000:memcpy
80004104:memset
800293E4:mapDataPtr
803C4EF8:mapDataList
8002C7EC:mobjNameToPtrNoAssert
80032610:msgSearch
80037DB0:swInit
80037E4C:swReInit
80037EB0:swSet
80037EF0:swGet
80037F38:swClear
80037F78:swByteSet
80037FFC:swByteGet
80038020:_swSet
80038060:_swGet
800380A8:_swClear
800380E8:_swByteSet
800380F8:_swByteGet
8003AA84:windowDispGX2_Waku_col
8005AE0C:dispEntry
80061C80:func_80061d78
80067700:fadeIsFinish
800730B8:iconDispGx
80078A44:itemEntry
803B7CD8:itemDataTable
803BD950:itemEventDataTable
800D89D4:evtGetWork
800D8D78:evtEntry
800D8FE4:evtEntryType
800D9250:evtChildEntry
800D9560:evtBrotherEntry
800D9D78:evtCheckId
800DD6F0:evt_debug_put_msg
800DD724:evt_debug_put_reg
800DE784:evtGetValue
800DEBA8:evtSetValue
804CB6B0:evt_debug_put_reg_str
800E729C:evt_fade_end_wait
800E83B0:evt_fairy_flag_onoff
800EA730:evt_guide_flag2_onoff
800EA838:evt_guide_check_flag0
800EF338:evt_mario_flag8_onoff
800EF4C8:evt_mario_key_off
800EF4A4:evt_mario_key_on
800EF8C4:evt_mario_get_pos
800F2320:evt_set_gravity
800F3378:evt_mobj_delete
800F881C:evt_mobj_blk
800FB688:evt_msg_print
800FBAA8:evt_msg_continue
80109F50:evt_npc_teleport_effect
8010C604:evt_seq_set_seq
8010C67C:evt_seq_wait
8012150C:marioGetPtr
8012212C:marioCtrlOffChk
80122140:marioKeyOffChk
8012AAB0:marioSetGravity
80146460:func_80146f0c
8014B5DC:pouchGetPtr
8014C9AC:pouchGetHp
8014C9BC:pouchAddHp
8014CA4C:pouchGetXp
8014CA5C:pouchAddXp
8014D4A0:pouchRemoveItem
8014E0BC:pouchRemoveShopItem
8014E870:pouchGetCurPixl
8014EF74:pouchCountUseItems
8014F024:pouchCountKeyItems
8014F0CC:pouchCountShopItems
8014F174:pouchCountChars
8014F1C4:pouchCountPixls
80178578:seq_logoMain
8017C1F4:seq_gameInit
8017B2DC:seqInit_SPMARIO
8017B31C:seqMain
8017B424:seqSetSeq
8017B434:seqGetSeq
804D0BE0:seqWork
8018473C:pausewinPauseGame
80184880:pausewinUnpauseGame
801951C4:charPixlItemWinIsClosed
8019C42C:irand
8019B724:__assert2
8019F288:fontmgrInit
8019F340:FontDrawStart
8019F420:FontDrawStart_alpha
8019F4F8:FontDrawEdge
8019F504:FontDrawEdgeOff
8019F510:FontDrawRainbowColor
8019F5B0:FontDrawRainbowColorOff
8019F5B8:FontDrawNoise
8019F6C4:FontDrawNoiseOff
8019F6F0:FontDrawColorIDX
8019F788:FontDrawColor
8019F824:FontDrawColor_
8019F8AC:FontGetDrawColor
8019F8B4:FontDrawScale
8019F8CC:FontDrawCode
8019FAE4:FontDrawCodeMtx
8019FCA4:FontDrawString
8019FCE8:FontDrawStringVecPitch
801A00B0:FontDrawStringMtx
801A04B0:FontDrawStringCenterMtx
801A07EC:FontDrawMessage
801A1020:FontDrawMessageMtx
801A17A8:hankakuSearch
801A17B0:kanjiSearch
801A17B4:kanjiGetWidth
801A182C:FontGetMessageWidthLine
801A1B7C:FontGetMessageWidth
801A1B84:HSV2RGB
801A7200:spmarioInit
801A7794:spmarioMain
801A7A04:spmarioDisp
801A7A2C:spmarioSystemLevel
801A7AA8:spmarioGetSystemLevel
801A7AB0:viPostCallback
801A7C48:wiiDvdCheckThread
801A8070:wiiRumbleCheck
8056C9F8:gp
803EA128:seq_data
801A5690:__memAlloc
801A5714:__memFree
803EBD68:size_table
8056C9E8:memoryWp
8056C9EC:memorySwp
80235778:wpadGetButtonsHeld
802357A0:wpadGetButtonsPressed
802357B4:wpadGetButtonsHeldRepeat
8023AA2C:spsndBGMOn
8023C52C:relInit
8023C53C:loadRel
8023C6F8:isRelLoaded
8056CA20:relWp
8056CA24:relDecompName
8056CA28:relCompName
80278120:PSMTXIdentity
8025AF44:sprintf
80258720:memmove
8025C7A8:strcpy
8025C924:strcmp
8025CA40:strncmp
8025C630:sscanf
80264EC4:strlen
8026DF00:DCFlushRange
8026DF88:ICInvalidateRange
8026EB10:OSReport
80270868:OSFatal
80271D88:OSDisableInterrupts
80271DB0:OSRestoreInterrupts
80276220:OSGetTime
80293B68:MEMGetAllocatableSizeForExpHeapEx
80293C40:MEMGetSizeForMBlockExpHeap
802976EC:NANDCreateAsync
8029788C:NANDDeleteAsync
80297A8C:NANDReadAsync
80297B6C:NANDWriteAsync
802985EC:NANDSafeOpenAsync
80298B48:NANDSafeCloseAsync
80299A94:NANDChangeDirAsync
80299CA8:NANDGetHomeDir
8029A460:NANDCheckAsync
802E0448:lzss10GetDecompSize
802E0488:lzss10Decompress
802E05BC:lzss10ParseHeader

// new to v2
800E27F8:evt_door_set_door_descs
800E3770:evt_door_set_dokan_descs
800E4300:evt_door_set_map_door_descs
8019D60C:OSPanic
801A6B60:romFontPrintGX
801A7068:romFontGetWidth
8056C9F0:romfontWp
8056d241:doShutdown
801A8784:DEMOBeforeRender
801A884C:DEMODoneRender
80236688:spsndExit
8026E7E4:OSDumpContext
8026EE28:__OSUnhandledException
804A8E58:exceptionMsg1
804A8F04:exceptionMsg2
804A8F68:exceptionMsg3
80271344:OSGetFontEncode
80271718:OSLoadFont
80271AF8:OSGetFontTexel
80273E84:OSShutdownSystem
80275EAC:OSSuspendThread
80278120:PSMTXIdentity
80278E5C:C_MTXOrtho
80281658:VIWaitForRetrace
802825DC:VIFlush
8028275C:VISetBlack
802920C4:GXSetProjection
80296118:IOS_Open
802962F8:IOS_Close
52e4:evt_machi_set_elv_descs?1,1

// new to v4
80055A2C:camGetPtr
803DD090:mobj_save_blk_sysevt
801221B8:marioKeyOff
801221F0:marioKeyOn
8017A35C:_unload
801986BC:hudLoadStats
80198CFC:hudHide
8023AA38:spsndBGMOff_f_d
8023CA3C:nandGetSaveFiles
8023CE1C:nandUpdateSave
8023d030:nandLoadSave
