// OS Globals
800000e4:currentThread

// Automatically generated from spm.eu0.lst 
80004000:memcpy
80004104:memset
800293C4:mapDataPtr
80398E18:mapDataList
8002C7CC:mobjNameToPtrNoAssert
800325F0:msgSearch
80037D90:swInit
80037E2C:swReInit
80037E90:swSet
80037ED0:swGet
80037F18:swClear
80037F58:swByteSet
80037FDC:swByteGet
80038000:_swSet
80038040:_swGet
80038088:_swClear
800380C8:_swByteSet
800380D8:_swByteGet
8003AA64:windowDispGX2_Waku_col
8005ADEC:dispEntry
80061C60:func_80061d78
800676E0:fadeIsFinish
80073098:iconDispGx
80078A24:itemEntry
8038BBF8:itemDataTable
80391870:itemEventDataTable
800D89B4:evtGetWork
800D8D58:evtEntry
800D8FC4:evtEntryType
800D9230:evtChildEntry
800D9540:evtBrotherEntry
800D9D58:evtCheckId
800DD6D0:evt_debug_put_msg
800DD704:evt_debug_put_reg
800DE764:evtGetValue
800DEB88:evtSetValue
8049F130:evt_debug_put_reg_str
800E727C:evt_fade_end_wait
800E8390:evt_fairy_flag_onoff
800EA710:evt_guide_flag2_onoff
800EA818:evt_guide_check_flag0
800EF318:evt_mario_flag8_onoff
800EF4A8:evt_mario_key_off
800EF484:evt_mario_key_on
800EF8A4:evt_mario_get_pos
800F2300:evt_set_gravity
800F3358:evt_mobj_delete
800F87FC:evt_mobj_blk
800FB668:evt_msg_print
800FBA88:evt_msg_continue
80109F30:evt_npc_teleport_effect
8010C5E4:evt_seq_set_seq
8010C65C:evt_seq_wait
801214EC:marioGetPtr
8012210C:marioCtrlOffChk
80122120:marioKeyOffChk
8012AA90:marioSetGravity
80146418:func_80146f0c
8014B594:pouchGetPtr
8014C964:pouchGetHp
8014C974:pouchAddHp
8014CA04:pouchGetXp
8014CA14:pouchAddXp
8014D458:pouchRemoveItem
8014E074:pouchRemoveShopItem
8014E828:pouchGetCurPixl
8014EF2C:pouchCountUseItems
8014EFDC:pouchCountKeyItems
8014F084:pouchCountShopItems
8014F12C:pouchCountChars
8014F17C:pouchCountPixls
8017850C:seq_logoMain
8017C188:seq_gameInit
8017B270:seqInit_SPMARIO
8017B2B0:seqMain
8017B3B8:seqSetSeq
8017B3C8:seqGetSeq
804A4660:seqWork
801846D0:pausewinPauseGame
80184814:pausewinUnpauseGame
80195158:charPixlItemWinIsClosed
8019C3C0:irand
8019B6B8:__assert2
8019F21C:fontmgrInit
8019F2D4:FontDrawStart
8019F3B4:FontDrawStart_alpha
8019F48C:FontDrawEdge
8019F498:FontDrawEdgeOff
8019F4A4:FontDrawRainbowColor
8019F544:FontDrawRainbowColorOff
8019F54C:FontDrawNoise
8019F658:FontDrawNoiseOff
8019F684:FontDrawColorIDX
8019F71C:FontDrawColor
8019F7B8:FontDrawColor_
8019F840:FontGetDrawColor
8019F848:FontDrawScale
8019F860:FontDrawCode
8019FA78:FontDrawCodeMtx
8019FC38:FontDrawString
8019FC7C:FontDrawStringVecPitch
801A0044:FontDrawStringMtx
801A0444:FontDrawStringCenterMtx
801A0780:FontDrawMessage
801A0FB4:FontDrawMessageMtx
801A173C:hankakuSearch
801A1744:kanjiSearch
801A1748:kanjiGetWidth
801A17C0:FontGetMessageWidthLine
801A1B10:FontGetMessageWidth
801A1B18:HSV2RGB
801A714C:spmarioInit
801A76E0:spmarioMain
801A7950:spmarioDisp
801A7978:spmarioSystemLevel
801A79F4:spmarioGetSystemLevel
801A79FC:viPostCallback
801A7B94:wiiDvdCheckThread
801A7FBC:wiiRumbleCheck
80542498:gp
803BE018:seq_data
801A5624:__memAlloc
801A56A8:__memFree
803BFC68:size_table
80542488:memoryWp
8054248C:memorySwp
80235060:wpadGetButtonsHeld
80235088:wpadGetButtonsPressed
8023509C:wpadGetButtonsHeldRepeat
8023A2E8:spsndBGMOn
8023BDE8:relInit
8023BDF8:loadRel
8023BFB4:isRelLoaded
805424C0:relWp
805424C4:relDecompName
805424C8:relCompName
80277884:PSMTXIdentity
8025A7F0:sprintf
80257FCC:memmove
8025C054:strcpy
8025C1D0:strcmp
8025C2EC:strncmp
8025BEDC:sscanf
80264770:strlen
8026D7B0:DCFlushRange
8026D868:ICInvalidateRange
8026E3F0:OSReport
80270148:OSFatal
80271668:OSDisableInterrupts
80271690:OSRestoreInterrupts
80275984:OSGetTime
802930EC:MEMGetAllocatableSizeForExpHeapEx
802931C4:MEMGetSizeForMBlockExpHeap
80296ED0:NANDCreateAsync
80297070:NANDDeleteAsync
80297270:NANDReadAsync
80297350:NANDWriteAsync
80297DD0:NANDSafeOpenAsync
8029832C:NANDSafeCloseAsync
80299278:NANDChangeDirAsync
8029948C:NANDGetHomeDir
80299C44:NANDCheckAsync
802DF640:lzss10GetDecompSize
802DF680:lzss10Decompress
802DF7B4:lzss10ParseHeader

// new to v2
800E27D8:evt_door_set_door_descs
800E3750:evt_door_set_dokan_descs
800E42E0:evt_door_set_map_door_descs
8019D5A0:OSPanic
801A6AAC:romFontPrintGX
801A6FB4:romFontGetWidth
80542490:romfontWp
80542ce1:doShutdown
801A86D0:DEMOBeforeRender
801A8798:DEMODoneRender
80235f70:spsndExit
8026E0C4:OSDumpContext
8026E708:__OSUnhandledException
8047CA70:exceptionMsg1
8047CB1C:exceptionMsg2
8047CB80:exceptionMsg3
80270C24:OSGetFontEncode
80270FF8:OSLoadFont
802713D8:OSGetFontTexel
80273728:OSShutdownSystem
80275610:OSSuspendThread
80277884:PSMTXIdentity
802785C0:C_MTXOrtho
80280DBC:VIWaitForRetrace
80281D40:VIFlush
80281EC0:VISetBlack
80291648:GXSetProjection
802958FC:IOS_Open
80295ADC:IOS_Close
52e4:evt_machi_set_elv_descs?1,1

// new to v4
80055A0C:camGetPtr
803B0FB0:mobj_save_blk_sysevt
80122198:marioKeyOff
801221D0:marioKeyOn
8017A2F0:_unload
80198650:hudLoadStats
80198C90:hudHide
8023A2F4:spsndBGMOff_f_d
8023C2F8:nandGetSaveFiles
8023C6D8:nandUpdateSave
8023c8ec:nandLoadSave
