// OS Globals
800000e4:currentThread

// Automatically generated from spm.eu0.lst 
80004000:memcpy
80004104:memset
800293C4:mapDataPtr
803C3B98:mapDataList
8002C7CC:mobjNameToPtrNoAssert
800325F0:msgSearch
80037D90:swInit
80037E2C:swReInit
80037E90:swSet
80037ED0:swGet
80037F18:swClear
80037F58:swByteSet
80037FDC:swByteGet
80038000:_swSet
80038040:_swGet
80038088:_swClear
800380C8:_swByteSet
800380D8:_swByteGet
8003AA64:windowDispGX2_Waku_col
8005ADEC:dispEntry
80061C60:func_80061d78
800676E0:fadeIsFinish
80073098:iconDispGx
80078A24:itemEntry
803B6978:itemDataTable
803BC5F0:itemEventDataTable
800D89B4:evtGetWork
800D8D58:evtEntry
800D8FC4:evtEntryType
800D9230:evtChildEntry
800D9540:evtBrotherEntry
800D9D58:evtCheckId
800DD6D0:evt_debug_put_msg
800DD704:evt_debug_put_reg
800DE764:evtGetValue
800DEB88:evtSetValue
804C9E30:evt_debug_put_reg_str
800E727C:evt_fade_end_wait
800E8390:evt_fairy_flag_onoff
800EA710:evt_guide_flag2_onoff
800EA818:evt_guide_check_flag0
800EF318:evt_mario_flag8_onoff
800EF4A8:evt_mario_key_off
800EF484:evt_mario_key_on
800EF8A4:evt_mario_get_pos
800F2300:evt_set_gravity
800F3358:evt_mobj_delete
800F87FC:evt_mobj_blk
800FB668:evt_msg_print
800FBA88:evt_msg_continue
80109F30:evt_npc_teleport_effect
8010C5E4:evt_seq_set_seq
8010C65C:evt_seq_wait
801214EC:marioGetPtr
8012210C:marioCtrlOffChk
80122120:marioKeyOffChk
8012AA90:marioSetGravity
80146418:func_80146f0c
8014B594:pouchGetPtr
8014C964:pouchGetHp
8014C974:pouchAddHp
8014CA04:pouchGetXp
8014CA14:pouchAddXp
8014D458:pouchRemoveItem
8014E074:pouchRemoveShopItem
8014E828:pouchGetCurPixl
8014EF2C:pouchCountUseItems
8014EFDC:pouchCountKeyItems
8014F084:pouchCountShopItems
8014F12C:pouchCountChars
8014F17C:pouchCountPixls
8017851C:seq_logoMain
8017C198:seq_gameInit
8017B280:seqInit_SPMARIO
8017B2C0:seqMain
8017B3C8:seqSetSeq
8017B3D8:seqGetSeq
804CF360:seqWork
801846E0:pausewinPauseGame
80184824:pausewinUnpauseGame
80195168:charPixlItemWinIsClosed
8019C3D0:irand
8019B6C8:__assert2
8019F22C:fontmgrInit
8019F2E4:FontDrawStart
8019F3C4:FontDrawStart_alpha
8019F49C:FontDrawEdge
8019F4A8:FontDrawEdgeOff
8019F4B4:FontDrawRainbowColor
8019F554:FontDrawRainbowColorOff
8019F55C:FontDrawNoise
8019F668:FontDrawNoiseOff
8019F694:FontDrawColorIDX
8019F72C:FontDrawColor
8019F7C8:FontDrawColor_
8019F850:FontGetDrawColor
8019F858:FontDrawScale
8019F870:FontDrawCode
8019FA88:FontDrawCodeMtx
8019FC48:FontDrawString
8019FC8C:FontDrawStringVecPitch
801A0054:FontDrawStringMtx
801A0454:FontDrawStringCenterMtx
801A0790:FontDrawMessage
801A0FC4:FontDrawMessageMtx
801A174C:hankakuSearch
801A1754:kanjiSearch
801A1758:kanjiGetWidth
801A17D0:FontGetMessageWidthLine
801A1B20:FontGetMessageWidth
801A1B28:HSV2RGB
801A71A4:spmarioInit
801A7738:spmarioMain
801A79A8:spmarioDisp
801A79D0:spmarioSystemLevel
801A7A4C:spmarioGetSystemLevel
801A7A54:viPostCallback
801A7BEC:wiiDvdCheckThread
801A8014:wiiRumbleCheck
8056D198:gp
803E8DC8:seq_data
801A5634:__memAlloc
801A56B8:__memFree
803EAA08:size_table
8056D188:memoryWp
8056D18C:memorySwp
802350B8:wpadGetButtonsHeld
802350E0:wpadGetButtonsPressed
802350F4:wpadGetButtonsHeldRepeat
8023A340:spsndBGMOn
8023BE40:relInit
8023BE50:loadRel
8023C00C:isRelLoaded
8056D1C0:relWp
8056D1C4:relDecompName
8056D1C8:relCompName
802778D4:PSMTXIdentity
8025A848:sprintf
80258024:memmove
8025C0AC:strcpy
8025C228:strcmp
8025C344:strncmp
8025BF34:sscanf
802647C8:strlen
8026D800:DCFlushRange
8026D8B8:ICInvalidateRange
8026E440:OSReport
80270198:OSFatal
802716B8:OSDisableInterrupts
802716E0:OSRestoreInterrupts
802759D4:OSGetTime
8029313C:MEMGetAllocatableSizeForExpHeapEx
80293214:MEMGetSizeForMBlockExpHeap
80296F20:NANDCreateAsync
802970C0:NANDDeleteAsync
802972C0:NANDReadAsync
802973A0:NANDWriteAsync
80297E20:NANDSafeOpenAsync
8029837C:NANDSafeCloseAsync
802992C8:NANDChangeDirAsync
802994DC:NANDGetHomeDir
80299C94:NANDCheckAsync
802DF690:lzss10GetDecompSize
802DF6D0:lzss10Decompress
802DF804:lzss10ParseHeader

// new to v2
800E27D8:evt_door_set_door_descs
800E3750:evt_door_set_dokan_descs
800E42E0:evt_door_set_map_door_descs
8019D5B0:OSPanic
801A6B04:romFontPrintGX
801A700C:romFontGetWidth
8056D190:romfontWp
8056d9e1:doShutdown
801A8728:DEMOBeforeRender
801A87F0:DEMODoneRender
80235fc8:spsndExit
8026E114:OSDumpContext
8026E758:__OSUnhandledException
804A77D0:exceptionMsg1
804A787C:exceptionMsg2
804A78E0:exceptionMsg3
80270C74:OSGetFontEncode
80271048:OSLoadFont
80271428:OSGetFontTexel
80273778:OSShutdownSystem
80275660:OSSuspendThread
802778D4:PSMTXIdentity
80278610:C_MTXOrtho
80280E0C:VIWaitForRetrace
80281D90:VIFlush
80281F10:VISetBlack
80291698:GXSetProjection
8029594C:IOS_Open
80295B2C:IOS_Close
52e4:evt_machi_set_elv_descs?1,1

// new to v4
80055A0C:camGetPtr
803DBD30:mobj_save_blk_sysevt
80122198:marioKeyOff
801221D0:marioKeyOn
8017A300:_unload
80198660:hudLoadStats
80198CA0:hudHide
8023A34C:spsndBGMOff_f_d
8023C350:nandGetSaveFiles
8023C730:nandUpdateSave
8023c944:nandLoadSave
