// OS Globals
800000e4:currentThread

// Automatically generated from spm.eu0.lst 
80004000:memcpy
80004104:memset
80029364:mapDataPtr
803C5098:mapDataList
8002C76C:mobjNameToPtrNoAssert
80032590:msgSearch
80037D30:swInit
80037DCC:swReInit
80037E30:swSet
80037E70:swGet
80037EB8:swClear
80037EF8:swByteSet
80037F7C:swByteGet
80037FA0:_swSet
80037FE0:_swGet
80038028:_swClear
80038068:_swByteSet
80038078:_swByteGet
8003AA04:windowDispGX2_Waku_col
8005AD8C:dispEntry
80061C00:func_80061d78
80067680:fadeIsFinish
80073038:iconDispGx
800789C4:itemEntry
803B7E78:itemDataTable
803BDAF0:itemEventDataTable
800D8938:evtGetWork
800D8CDC:evtEntry
800D8F48:evtEntryType
800D91B4:evtChildEntry
800D94C4:evtBrotherEntry
800D9CDC:evtCheckId
800DD654:evt_debug_put_msg
800DD688:evt_debug_put_reg
800DE6E8:evtGetValue
800DEB0C:evtSetValue
804CB830:evt_debug_put_reg_str
800E7254:evt_fade_end_wait
800E8368:evt_fairy_flag_onoff
800EA9D0:evt_guide_flag2_onoff
800EAAD8:evt_guide_check_flag0
800EF5D8:evt_mario_flag8_onoff
800EF768:evt_mario_key_off
800EF744:evt_mario_key_on
800EFB64:evt_mario_get_pos
800F25C0:evt_set_gravity
800F3618:evt_mobj_delete
800F8C2C:evt_mobj_blk
800FBA98:evt_msg_print
800FBEB8:evt_msg_continue
8010A360:evt_npc_teleport_effect
8010CA14:evt_seq_set_seq
8010CA8C:evt_seq_wait
8012191C:marioGetPtr
8012253C:marioCtrlOffChk
80122550:marioKeyOffChk
8012AEC0:marioSetGravity
80146870:func_80146f0c
8014B9EC:pouchGetPtr
8014CDBC:pouchGetHp
8014CDCC:pouchAddHp
8014CE5C:pouchGetXp
8014CE6C:pouchAddXp
8014D8B0:pouchRemoveItem
8014E4CC:pouchRemoveShopItem
8014EC80:pouchGetCurPixl
8014F384:pouchCountUseItems
8014F434:pouchCountKeyItems
8014F4DC:pouchCountShopItems
8014F584:pouchCountChars
8014F5D4:pouchCountPixls
80178988:seq_logoMain
8017C604:seq_gameInit
8017B6EC:seqInit_SPMARIO
8017B72C:seqMain
8017B834:seqSetSeq
8017B844:seqGetSeq
804D0D60:seqWork
80184B4C:pausewinPauseGame
80184C90:pausewinUnpauseGame
801955D4:charPixlItemWinIsClosed
8019C83C:irand
8019BB34:__assert2
8019F5A0:fontmgrInit
8019F658:FontDrawStart
8019F738:FontDrawStart_alpha
8019F810:FontDrawEdge
8019F81C:FontDrawEdgeOff
8019F828:FontDrawRainbowColor
8019F8C8:FontDrawRainbowColorOff
8019F8D0:FontDrawNoise
8019F9DC:FontDrawNoiseOff
8019FA08:FontDrawColorIDX
8019FAA0:FontDrawColor
8019FB3C:FontDrawColor_
8019FBC4:FontGetDrawColor
8019FBCC:FontDrawScale
8019FBE4:FontDrawCode
8019FDFC:FontDrawCodeMtx
8019FFBC:FontDrawString
801A0000:FontDrawStringVecPitch
801A03C8:FontDrawStringMtx
801A07C8:FontDrawStringCenterMtx
801A0B04:FontDrawMessage
801A1338:FontDrawMessageMtx
801A1AC0:hankakuSearch
801A1AC8:kanjiSearch
801A1ACC:kanjiGetWidth
801A1B44:FontGetMessageWidthLine
801A1E94:FontGetMessageWidth
801A1E9C:HSV2RGB
801A7518:spmarioInit
801A7AAC:spmarioMain
801A7D1C:spmarioDisp
801A7D44:spmarioSystemLevel
801A7DC0:spmarioGetSystemLevel
801A7DC8:viPostCallback
801A7F60:wiiDvdCheckThread
801A8388:wiiRumbleCheck
8056CB78:gp
803EA308:seq_data
801A59A8:__memAlloc
801A5A2C:__memFree
803EBF48:size_table
8056CB68:memoryWp
8056CB6C:memorySwp
80235A90:wpadGetButtonsHeld
80235AB8:wpadGetButtonsPressed
80235ACC:wpadGetButtonsHeldRepeat
8023AD58:spsndBGMOn
8023C850:relInit
8023C860:loadRel
8023CA1C:isRelLoaded
8056CBA0:relWp
8056CBA4:relDecompName
8056CBA8:relCompName
802781C0:PSMTXIdentity
8025AFE8:sprintf
802587C4:memmove
8025C84C:strcpy
8025C9C8:strcmp
8025CAE4:strncmp
8025C6D4:sscanf
80264F68:strlen
8026DFA0:DCFlushRange
8026E028:ICInvalidateRange
8026EBB0:OSReport
80270908:OSFatal
80271E28:OSDisableInterrupts
80271E50:OSRestoreInterrupts
802762C0:OSGetTime
80293C08:MEMGetAllocatableSizeForExpHeapEx
80293CE0:MEMGetSizeForMBlockExpHeap
8029778C:NANDCreateAsync
8029792C:NANDDeleteAsync
80297B2C:NANDReadAsync
80297C0C:NANDWriteAsync
8029868C:NANDSafeOpenAsync
80298BE8:NANDSafeCloseAsync
80299B34:NANDChangeDirAsync
80299D48:NANDGetHomeDir
8029A500:NANDCheckAsync
802E04E8:lzss10GetDecompSize
802E0528:lzss10Decompress
802E065C:lzss10ParseHeader

// new to v2
800E2764:evt_door_set_door_descs
800E36DC:evt_door_set_dokan_descs
800E426C:evt_door_set_map_door_descs
8019D924:OSPanic
801A6E78:romFontPrintGX
801A7380:romFontGetWidth
8056CB70:romfontWp
8056d3c1:doShutdown
801A8A9C:DEMOBeforeRender
801A8B64:DEMODoneRender
802369A0:spsndExit
8026E884:OSDumpContext
8026EEC8:__OSUnhandledException
804A8FE8:exceptionMsg1
804A9094:exceptionMsg2
804A90F8:exceptionMsg3
802713E4:OSGetFontEncode
802717B8:OSLoadFont
80271B98:OSGetFontTexel
80273F24:OSShutdownSystem
80275F4C:OSSuspendThread
802781C0:PSMTXIdentity
80278EFC:C_MTXOrtho
802816F8:VIWaitForRetrace
8028267C:VIFlush
802827FC:VISetBlack
80292164:GXSetProjection
802961B8:IOS_Open
80296398:IOS_Close
52e4:evt_machi_set_elv_descs?1,1

// new to v4
800559AC:camGetPtr
803DD270:mobj_save_blk_sysevt
801225C8:marioKeyOff
80122600:marioKeyOn
8017A76C:_unload
80198ACC:hudLoadStats
8019910C:hudHide
8023AD64:spsndBGMOff_f_d
8023CD68:nandGetSaveFiles
8023D0CC:nandUpdateSave
8023d2e0:nandLoadSave
