// OS Globals
800000e4:currentThread

// Automatically generated from spm.eu0.lst with manual fontmgr and NAND ports
80004000:memcpy
80004104:memset
80029680:mapDataPtr
80433CD8:mapDataList
8002CA88:mobjNameToPtrNoAssert
80254FF0:msgSearch
800322A8:swInit
80032344:swReInit
800323A8:swSet
800323E8:swGet
80032430:swClear
80032470:swByteSet
800324F4:swByteGet
80032518:_swSet
80032558:_swGet
800325A0:_swClear
800325E0:_swByteSet
800325F0:_swByteGet
80034F7C:windowDispGX2_Waku_col
80055338:dispEntry
8005C1AC:func_80061d78
80061C2C:fadeIsFinish
8006D5E4:iconDispGx
80072F70:itemEntry
80426AB8:itemDataTable
8042C730:itemEventDataTable
800D2C6C:evtGetWork
800D3010:evtEntry
800D327C:evtEntryType
800D34E8:evtChildEntry
800D37F8:evtBrotherEntry
800D4010:evtCheckId
800D7988:evt_debug_put_msg
800D79BC:evt_debug_put_reg
800D8A1C:evtGetValue
800D8E40:evtSetValue
80543D18:evt_debug_put_reg_str
800E1588:evt_fade_end_wait
800E269C:evt_fairy_flag_onoff
800E4D04:evt_guide_flag2_onoff
800E4E0C:evt_guide_check_flag0
800E9948:evt_mario_flag8_onoff
800E9AD8:evt_mario_key_off
800E9AB4:evt_mario_key_on
800E9ED4:evt_mario_get_pos
800ECA38:evt_set_gravity
800EDA90:evt_mobj_delete
800F3070:evt_mobj_blk
800F5EDC:evt_msg_print
800F62FC:evt_msg_continue
8010640C:evt_npc_teleport_effect
80108B24:evt_seq_set_seq
80108B9C:evt_seq_wait
8011DAD4:marioGetPtr
8011E6F4:marioCtrlOffChk
8011E708:marioKeyOffChk
80127098:marioSetGravity
80142A98:func_80146f0c
80147C14:pouchGetPtr
80148FE4:pouchGetHp
80148FF4:pouchAddHp
80149084:pouchGetXp
80149094:pouchAddXp
80149AD8:pouchRemoveItem
8014A6F4:pouchRemoveShopItem
8014AEA8:pouchGetCurPixl
8014B5AC:pouchCountUseItems
8014B65C:pouchCountKeyItems
8014B704:pouchCountShopItems
8014B7AC:pouchCountChars
8014B7FC:pouchCountPixls
80174CE0:seq_logoMain
80178B94:seq_gameInit
80177C7C:seqInit_SPMARIO
80177CBC:seqMain
80177DC4:seqSetSeq
80177DD4:seqGetSeq
80549C48:seqWork
80181474:pausewinPauseGame
801815B8:pausewinUnpauseGame
8019204C:charPixlItemWinIsClosed
80199328:irand
80198620:__assert2
8024e678:FontDrawStart
8024e680:FontDrawStart_alpha
8024e980:FontDrawEdge
8024e990:FontDrawEdgeOff
8024e9a0:FontDrawRainbowColor
8024eac8:FontDrawRainbowColorOff
8024ec08:FontDrawNoise
8024ec0c:FontDrawNoiseOff
8024ec10:FontDrawColorIDX
8024ec88:FontDrawColor
8024ece0:FontDrawColor_
8024ed48:FontGetDrawColor
8024ed54:FontDrawScale
8024ee9c:FontDrawCode
8024fc2c:FontDrawString
8024fcbc:FontDrawMessage
8024fd30:FontDrawMessageMtx
802512a4:FontGetMessageWidth
801A08BC:spmarioInit
801A0F30:spmarioMain
801A11A4:spmarioDisp
801A11CC:spmarioSystemLevel
801A1248:spmarioGetSystemLevel
801A1250:viPostCallback
801A13E8:wiiDvdCheckThread
801A1810:wiiRumbleCheck
805D7978:gp
804597B8:seq_data
8019EB44:__memAlloc
8019EBC8:__memFree
8045B3C8:size_table
805D7968:memoryWp
805D796C:memorySwp
8022FEF8:wpadGetButtonsHeld
8022FF20:wpadGetButtonsPressed
8022FF34:wpadGetButtonsHeldRepeat
80234FC0:spsndBGMOn
80236B00:relInit
80236B10:loadRel
80236CCC:isRelLoaded
805D79A0:relWp
805D79A4:relDecompName
805D7758:relCompName
8027E1BC:PSMTXIdentity
8025EE24:sprintf
8025C57C:memmove
80260688:strcpy
80260804:strcmp
80260920:strncmp
80260510:sscanf
80269320:strlen
8027243C:DCFlushRange
802724F4:ICInvalidateRange
8027307C:OSReport
80275114:OSFatal
802765F4:OSDisableInterrupts
8027661C:OSRestoreInterrupts
8027AD18:OSGetTime
8029B654:MEMGetAllocatableSizeForExpHeapEx
8029B72C:MEMGetSizeForMBlockExpHeap
8029F5AC:NANDCreateAsync
8029F7E4:NANDDeleteAsync
8029F9E4:NANDReadAsync
8029FAC4:NANDWriteAsync
802a060c:NANDSafeOpenAsync
802a0c28:NANDSafeCloseAsync
802a1b2c:NANDChangeDirAsync
802A1BF0:NANDGetHomeDir
802A21B4:NANDCheckAsync
802E9708:lzss10GetDecompSize
802E9780:lzss10Decompress
802E9888:lzss10ParseHeader

// new to v2
800DCA98:evt_door_set_door_descs
800DDA10:evt_door_set_dokan_descs
800DE5A0:evt_door_set_map_door_descs
8019A410:OSPanic
801a0390:romFontPrintGX
8019fddc:romFontGetWidth
805D7970:romfontWp
805d8141:doShutdown
801A1F24:DEMOBeforeRender
801A1FEC:DEMODoneRender
80230E14:spsndExit
80272D50:OSDumpContext
80273394:__OSUnhandledException
8051EDB0:exceptionMsg1
8051EE5C:exceptionMsg2
8051EEC0:exceptionMsg3
802C6178:OSGetFontEncode
80275F84:OSLoadFont
80276364:OSGetFontTexel
80278824:OSShutdownSystem
8027A9A4:OSSuspendThread
8027E1BC:PSMTXIdentity
8027EEF8:C_MTXOrtho
80289024:VIWaitForRetrace
80289FDC:VIFlush
8028A15C:VISetBlack
80299BB0:GXSetProjection
8029DD50:IOS_Open
8029DF30:IOS_Close
52e4:evt_machi_set_elv_descs?1,1

// new to v4
8004FF58:camGetPtr
8044BE18:mobj_save_blk_sysevt
8011E780:marioKeyOff
8011E7B8:marioKeyOn
80176CE8:_unload
80195544:hudLoadStats
80195B84:hudHide
80234FCC:spsndBGMOff_f_d
802371CC:nandGetSaveFiles
80237544:nandUpdateSave
80237758:nandLoadSave
