// Automatically generated from spm.eu0.lst 
80004000:memcpy
80004104:memset
800293E4:mapDataPtr
80399F98:mapDataList
8002C7EC:mobjNameToPtrNoAssert
80032610:msgSearch
80037DB0:swInit
80037E4C:swReInit
80037EB0:swSet
80037EF0:swGet
80037F38:swClear
80037F78:swByteSet
80037FFC:swByteGet
80038020:_swSet
80038060:_swGet
800380A8:_swClear
800380E8:_swByteSet
800380F8:_swByteGet
8003AA84:windowDispGX2_Waku_col
8005AE0C:dispEntry
80061C80:func_80061d78
80067700:fadeIsFinish
800730B8:iconDispGx
80078A44:itemEntry
8038CD78:itemDataTable
803929F0:itemEventDataTable
800D89D4:evtGetWork
800D8D78:evtEntry
800D8FE4:evtEntryType
800D9250:evtChildEntry
800D9560:evtBrotherEntry
800D9D78:evtCheckId
800DD6F0:evt_debug_put_msg
800DD724:evt_debug_put_reg
800DE784:evtGetValue
800DEBA8:evtSetValue
804A0730:evt_debug_put_reg_str
800E729C:evt_fade_end_wait
800E83B0:evt_fairy_flag_onoff
800EA730:evt_guide_flag2_onoff
800EA838:evt_guide_check_flag0
800EF338:evt_mario_flag8_onoff
800EF4C8:evt_mario_key_off
800EF4A4:evt_mario_key_on
800EF8C4:evt_mario_get_pos
800F2320:evt_set_gravity
800F3378:evt_mobj_delete
800F881C:evt_mobj_blk
800FB688:evt_msg_print
800FBAA8:evt_msg_continue
80109F50:evt_npc_teleport_effect
8010C604:evt_seq_set_seq
8010C67C:evt_seq_wait
8012150C:marioGetPtr
8012212C:marioCtrlOffChk
80122140:marioKeyOffChk
8012AAB0:marioSetGravity
80146460:func_80146f0c
8014B5DC:pouchGetPtr
8014C9AC:pouchGetHp
8014C9BC:pouchAddHp
8014CA4C:pouchGetXp
8014CA5C:pouchAddXp
8014D4A0:pouchRemoveItem
8014E0BC:pouchRemoveShopItem
8014E870:pouchGetCurPixl
8014EF74:pouchCountUseItems
8014F024:pouchCountKeyItems
8014F0CC:pouchCountShopItems
8014F174:pouchCountChars
8014F1C4:pouchCountPixls
80178554:seq_logoMain
8017C1D0:seq_gameInit
8017B2B8:seqInit_SPMARIO
8017B2F8:seqMain
8017B400:seqSetSeq
8017B410:seqGetSeq
804A5C60:seqWork
80184718:pausewinPauseGame
8018485C:pausewinUnpauseGame
801951A0:charPixlItemWinIsClosed
8019C408:irand
8019B700:__assert2
8019F264:fontmgrInit
8019F31C:FontDrawStart
8019F3FC:FontDrawStart_alpha
8019F4D4:FontDrawEdge
8019F4E0:FontDrawEdgeOff
8019F4EC:FontDrawRainbowColor
8019F58C:FontDrawRainbowColorOff
8019F594:FontDrawNoise
8019F6A0:FontDrawNoiseOff
8019F6CC:FontDrawColorIDX
8019F764:FontDrawColor
8019F800:FontDrawColor_
8019F888:FontGetDrawColor
8019F890:FontDrawScale
8019F8A8:FontDrawCode
8019FAC0:FontDrawCodeMtx
8019FC80:FontDrawString
8019FCC4:FontDrawStringVecPitch
801A008C:FontDrawStringMtx
801A048C:FontDrawStringCenterMtx
801A07C8:FontDrawMessage
801A0FFC:FontDrawMessageMtx
801A1784:hankakuSearch
801A178C:kanjiSearch
801A1790:kanjiGetWidth
801A1808:FontGetMessageWidthLine
801A1B58:FontGetMessageWidth
801A1B60:HSV2RGB
801A7194:spmarioInit
801A7728:spmarioMain
801A7998:spmarioDisp
801A79C0:spmarioSystemLevel
801A7A3C:spmarioGetSystemLevel
801A7A44:viPostCallback
801A7BDC:wiiDvdCheckThread
801A8004:wiiRumbleCheck
80541A78:gp
803BF198:seq_data
801A566C:__memAlloc
801A56F0:__memFree
803C0DE8:size_table
80541A68:memoryWp
80541A6C:memorySwp
8023570C:wpadGetButtonsHeld
80235734:wpadGetButtonsPressed
80235748:wpadGetButtonsHeldRepeat
8023A994:spsndBGMOn
8023C494:relInit
8023C4A4:loadRel
8023C660:isRelLoaded
80541AA0:relHolder
80541AA4:relDecompName
80541AA8:relCompName
80278080:PSMTXIdentity
8025AEAC:sprintf
80258688:memmove
8025C710:strcpy
8025C88C:strcmp
8025C9A8:strncmp
8025C598:sscanf
80264E2C:strlen
8026DE60:DCFlushRange
8026DEE8:ICInvalidateRange
8026EA70:OSReport
802707C8:OSFatal
80271CE8:OSDisableInterrupts
80271D10:OSRestoreInterrupts
80276180:OSGetTime
802938E8:MEMGetAllocatableSizeForExpHeapEx
802939C0:MEMGetSizeForMBlockExpHeap
8029746C:NANDCreateAsync
8029760C:NANDDeleteAsync
8029780C:NANDReadAsync
802978EC:NANDWriteAsync
8029836C:NANDSafeOpenAsync
802988C8:NANDSafeCloseAsync
80299814:NANDChangeDirAsync
80299A28:NANDGetHomeDir
8029A1E0:NANDCheckAsync
802E0234:lzss10GetDecompSize
802E0274:lzss10Decompress
802E03A8:lzss10ParseHeader
